<?xml version="1.0" encoding="UTF-8"?>
<testsuite xmlns:xsi="http://www.w3.org/2001/XMLSchema-instance" xsi:noNamespaceSchemaLocation="https://maven.apache.org/surefire/maven-surefire-plugin/xsd/surefire-test-report-3.0.xsd" version="3.0" name="com.medistock.security.JwtUtilTest" time="2.262" tests="2" errors="0" skipped="0" failures="0">
  <properties>
[...]
</properties>
  <testcase name="isValid_returnsFalseForMalformedToken" classname="com.medistock.security.JwtUtilTest" time="1.295"/>
  <testcase name="generateToken_extractsEmailAndValidatesSuccessfully" classname="com.medistock.security.JwtUtilTest" time="0.954"/>
</testsuite>